Using pre-set license
Built from '2020.3/staging' branch; Version is '2020.3.42f1 (7ade1201f527) revision 8052242'; Using compiler version '192528614'; Build Type 'Release'
OS: 'Windows 11  (10.0.22621) 64bit Core' Language: 'en' Physical Memory: 32519 MB
BatchMode: 1, IsHumanControllingUs: 0, StartBugReporterOnCrash: 0, Is64bit: 1, IsPro: 0

COMMAND LINE ARGUMENTS:
C:\Program Files\Unity\Hub\Editor\2020.3.42f1\Editor\Unity.exe
-adb2
-batchMode
-noUpm
-name
AssetImportWorker0
-projectPath
C:/Workspace/GameDevHQ/Level-Design-Prototype/Control-Room
-logFile
Logs/AssetImportWorker0.log
-srvPort
62843
Successfully changed project path to: C:/Workspace/GameDevHQ/Level-Design-Prototype/Control-Room
C:/Workspace/GameDevHQ/Level-Design-Prototype/Control-Room
Using Asset Import Pipeline V2.
Refreshing native plugins compatible for Editor in 43.46 ms, found 2 plugins.
Preloading 0 native plugins for Editor in 0.00 ms.
Initialize engine version: 2020.3.42f1 (7ade1201f527)
[Subsystems] Discovering subsystems at path C:/Program Files/Unity/Hub/Editor/2020.3.42f1/Editor/Data/Resources/UnitySubsystems
[Subsystems] Discovering subsystems at path C:/Workspace/GameDevHQ/Level-Design-Prototype/Control-Room/Assets
GfxDevice: creating device client; threaded=0
Direct3D:
    Version:  Direct3D 11.0 [level 11.1]
    Renderer: NVIDIA GeForce RTX 3070 Laptop GPU (ID=0x249d)
    Vendor:   
    VRAM:     8033 MB
    Driver:   31.0.15.2737
Initialize mono
Mono path[0] = 'C:/Program Files/Unity/Hub/Editor/2020.3.42f1/Editor/Data/Managed'
Mono path[1] = 'C:/Program Files/Unity/Hub/Editor/2020.3.42f1/Editor/Data/MonoBleedingEdge/lib/mono/unityjit'
Mono config path = 'C:/Program Files/Unity/Hub/Editor/2020.3.42f1/Editor/Data/MonoBleedingEdge/etc'
Using monoOptions --debugger-agent=transport=dt_socket,embedding=1,server=y,suspend=n,address=127.0.0.1:56800
Begin MonoManager ReloadAssembly
Registering precompiled unity dll's ...
Register platform support module: C:/Program Files/Unity/Hub/Editor/2020.3.42f1/Editor/Data/PlaybackEngines/WebGLSupport/UnityEditor.WebGL.Extensions.dll
Register platform support module: C:/Program Files/Unity/Hub/Editor/2020.3.42f1/Editor/Data/PlaybackEngines/WindowsStandaloneSupport/UnityEditor.WindowsStandalone.Extensions.dll
Registered in 0.002078 seconds.
Native extension for WindowsStandalone target not found
Native extension for WebGL target not found
Refreshing native plugins compatible for Editor in 44.57 ms, found 2 plugins.
Preloading 0 native plugins for Editor in 0.00 ms.
Mono: successfully reloaded assembly
- Completed reload, in  0.721 seconds
Domain Reload Profiling:
	ReloadAssembly (721ms)
		BeginReloadAssembly (71ms)
			ExecutionOrderSort (0ms)
			DisableScriptedObjects (0ms)
			BackupInstance (0ms)
			ReleaseScriptingObjects (0ms)
			CreateAndSetChildDomain (1ms)
		EndReloadAssembly (568ms)
			LoadAssemblies (69ms)
			RebuildTransferFunctionScriptingTraits (0ms)
			SetupTypeCache (195ms)
			ReleaseScriptCaches (0ms)
			RebuildScriptCaches (42ms)
			SetupLoadedEditorAssemblies (215ms)
				LogAssemblyErrors (0ms)
				InitializePlatformSupportModulesInManaged (6ms)
				SetLoadedEditorAssemblies (1ms)
				RefreshPlugins (45ms)
				BeforeProcessingInitializeOnLoad (19ms)
				ProcessInitializeOnLoadAttributes (107ms)
				ProcessInitializeOnLoadMethodAttributes (36ms)
				AfterProcessingInitializeOnLoad (0ms)
				EditorAssembliesLoaded (0ms)
			ExecutionOrderSort2 (0ms)
			AwakeInstancesAfterBackupRestoration (0ms)
Platform modules already initialized, skipping
Registering precompiled user dll's ...
Registered in 0.003466 seconds.
Begin MonoManager ReloadAssembly
Native extension for WindowsStandalone target not found
Native extension for WebGL target not found
Refreshing native plugins compatible for Editor in 1.20 ms, found 2 plugins.
Preloading 0 native plugins for Editor in 0.00 ms.
Mono: successfully reloaded assembly
- Completed reload, in  1.260 seconds
Domain Reload Profiling:
	ReloadAssembly (1261ms)
		BeginReloadAssembly (183ms)
			ExecutionOrderSort (0ms)
			DisableScriptedObjects (6ms)
			BackupInstance (0ms)
			ReleaseScriptingObjects (0ms)
			CreateAndSetChildDomain (25ms)
		EndReloadAssembly (1001ms)
			LoadAssemblies (115ms)
			RebuildTransferFunctionScriptingTraits (0ms)
			SetupTypeCache (358ms)
			ReleaseScriptCaches (0ms)
			RebuildScriptCaches (53ms)
			SetupLoadedEditorAssemblies (388ms)
				LogAssemblyErrors (0ms)
				InitializePlatformSupportModulesInManaged (7ms)
				SetLoadedEditorAssemblies (1ms)
				RefreshPlugins (1ms)
				BeforeProcessingInitializeOnLoad (98ms)
				ProcessInitializeOnLoadAttributes (257ms)
				ProcessInitializeOnLoadMethodAttributes (17ms)
				AfterProcessingInitializeOnLoad (6ms)
				EditorAssembliesLoaded (0ms)
			ExecutionOrderSort2 (0ms)
			AwakeInstancesAfterBackupRestoration (3ms)
Platform modules already initialized, skipping
========================================================================
Worker process is ready to serve import requests
Launched and connected shader compiler UnityShaderCompiler.exe after 0.06 seconds
Refreshing native plugins compatible for Editor in 0.58 ms, found 2 plugins.
Preloading 0 native plugins for Editor in 0.00 ms.
Unloading 1490 Unused Serialized files (Serialized files now loaded: 0)
System memory in use before: 68.1 MB.
System memory in use after: 68.2 MB.

Unloading 19 unused Assets to reduce memory usage. Loaded Objects now: 1926.
Total: 3.795200 ms (FindLiveObjects: 0.258000 ms CreateObjectMapping: 0.082100 ms MarkObjects: 3.314100 ms  DeleteObjects: 0.139800 ms)

AssetImportParameters requested are different than current active one (requested -> active):
  custom:framework-win-MediaFoundation: 216162199b28c13a410421893ffa2e32 -> 
  custom:video-decoder-ogg-theora: a1e56fd34408186e4bbccfd4996cb3dc -> 
  custom:container-muxer-webm: aa71ff27fc2769a1b78a27578f13a17b -> 
  custom:container-demuxer-webm: 4f35f7cbe854078d1ac9338744f61a02 -> 
  custom:container-demuxer-ogg: 62fdf1f143b41e24485cea50d1cbac27 -> 
  custom:video-encoder-webm-vp8: eb34c28f22e8b96e1ab97ce403110664 -> 
  custom:video-decoder-webm-vp8: 9c59270c3fd7afecdb556c50c9e8de78 -> 
  custom:audio-decoder-ogg-vorbis: bf7c407c2cedff20999df2af8eb42d56 -> 
  custom:audio-encoder-webm-vorbis: bf7c407c2cedff20999df2af8eb42d56 -> 
========================================================================
Received Import Request.
  path: Assets/GameDevHQ/FileBase/3D/Environments/Sci-Fi/Scifi_Columns_01_03
  artifactKey: Guid(55f169625d5994d22b62f8870ffd71ec) Importer(815301076,1909f56bfc062723c751e8b465ee728b)
Start importing Assets/GameDevHQ/FileBase/3D/Environments/Sci-Fi/Scifi_Columns_01_03 using Guid(55f169625d5994d22b62f8870ffd71ec) Importer(815301076,1909f56bfc062723c751e8b465ee728b)  -> (artifact id: '1551e1734f01a81797ec4cd8d604f211') in 0.010223 seconds 
========================================================================
Received Import Request.
  Time since last request: 526.338041 seconds.
  path: Assets/GameDevHQ/FileBase/3D/Environments/Sci-Fi/Scifi_Floors_01_12
  artifactKey: Guid(a6144c119f3b245d3914fd27eefa18d3) Importer(815301076,1909f56bfc062723c751e8b465ee728b)
Start importing Assets/GameDevHQ/FileBase/3D/Environments/Sci-Fi/Scifi_Floors_01_12 using Guid(a6144c119f3b245d3914fd27eefa18d3) Importer(815301076,1909f56bfc062723c751e8b465ee728b)  -> (artifact id: 'c0eca1bdcf51c66824e31a499a4f35e2') in 0.008088 seconds 
========================================================================
Received Import Request.
  Time since last request: 241.864129 seconds.
  path: Assets/GameDevHQ/FileBase/3D/Environments/Sci-Fi/Scifi_Columns_01_03/FBX/Scifi_Columns_02.fbx
  artifactKey: Guid(a9869a2bcd06b4348b0bba10b6dcf06b) Importer(815301076,1909f56bfc062723c751e8b465ee728b)
Start importing Assets/GameDevHQ/FileBase/3D/Environments/Sci-Fi/Scifi_Columns_01_03/FBX/Scifi_Columns_02.fbx using Guid(a9869a2bcd06b4348b0bba10b6dcf06b) Importer(815301076,1909f56bfc062723c751e8b465ee728b)  -> (artifact id: '5076ee46fabca48d8971232dc73db4f8') in 0.149431 seconds 
========================================================================
Received Import Request.
  Time since last request: 66281.446107 seconds.
  path: Assets/Prefab/Columns
  artifactKey: Guid(471567230a720e44ab3148dae6857893) Importer(815301076,1909f56bfc062723c751e8b465ee728b)
Start importing Assets/Prefab/Columns using Guid(471567230a720e44ab3148dae6857893) Importer(815301076,1909f56bfc062723c751e8b465ee728b)  -> (artifact id: '3ddcbee61e9e1b97272ed49175d79c8d') in 0.011204 seconds 
========================================================================
Received Import Request.
  Time since last request: 5.343105 seconds.
  path: Assets/Prefab/Columns/Columns.prefab
  artifactKey: Guid(e15a9c44c2a261649ae3da86c15e5e1d) Importer(815301076,1909f56bfc062723c751e8b465ee728b)
Start importing Assets/Prefab/Columns/Columns.prefab using Guid(e15a9c44c2a261649ae3da86c15e5e1d) Importer(815301076,1909f56bfc062723c751e8b465ee728b)  -> (artifact id: 'efe4989f3c451343386eacb7d6b3f78a') in 0.140436 seconds 
========================================================================
Received Import Request.
  Time since last request: 8809.165772 seconds.
  path: Assets/Prefab/Columns/Column_02.prefab
  artifactKey: Guid(0922776a7013d0b4e80e66929e163d12) Importer(815301076,1909f56bfc062723c751e8b465ee728b)
Start importing Assets/Prefab/Columns/Column_02.prefab using Guid(0922776a7013d0b4e80e66929e163d12) Importer(815301076,1909f56bfc062723c751e8b465ee728b)  -> (artifact id: 'f9569ab1dc1230bb2d40eb8b57215799') in 0.057958 seconds 
========================================================================
Received Import Request.
  Time since last request: 16.887917 seconds.
  path: Assets/Prefab/Columns/Columns_01.prefab
  artifactKey: Guid(cf91a2104e6d4ac45826955adbc1d3fc) Importer(815301076,1909f56bfc062723c751e8b465ee728b)
Start importing Assets/Prefab/Columns/Columns_01.prefab using Guid(cf91a2104e6d4ac45826955adbc1d3fc) Importer(815301076,1909f56bfc062723c751e8b465ee728b)  -> (artifact id: 'b5a1fe090194553e2217b780c2b8516f') in 0.051703 seconds 
========================================================================
Received Import Request.
  Time since last request: 5.194731 seconds.
  path: Assets/Prefab/Columns/Colums_01.prefab
  artifactKey: Guid(8b7c66ef6b0fcaf4387af04fd60916f7) Importer(815301076,1909f56bfc062723c751e8b465ee728b)
Start importing Assets/Prefab/Columns/Colums_01.prefab using Guid(8b7c66ef6b0fcaf4387af04fd60916f7) Importer(815301076,1909f56bfc062723c751e8b465ee728b)  -> (artifact id: 'b1696adc2de37592bce465c9faaa551c') in 0.034750 seconds 
========================================================================
Received Import Request.
  Time since last request: 6.583759 seconds.
  path: Assets/Prefab/Columns/Column_01.prefab
  artifactKey: Guid(46bb1c47bccbce44bb41c2bd6951dff0) Importer(815301076,1909f56bfc062723c751e8b465ee728b)
Start importing Assets/Prefab/Columns/Column_01.prefab using Guid(46bb1c47bccbce44bb41c2bd6951dff0) Importer(815301076,1909f56bfc062723c751e8b465ee728b)  -> (artifact id: '16d0475d11d464565b7379a435c4a7d5') in 0.029502 seconds 
========================================================================
Received Import Request.
  Time since last request: 20.347034 seconds.
  path: Assets/Prefab/Columns/Column_02.prefab
  artifactKey: Guid(0922776a7013d0b4e80e66929e163d12) Importer(815301076,1909f56bfc062723c751e8b465ee728b)
Start importing Assets/Prefab/Columns/Column_02.prefab using Guid(0922776a7013d0b4e80e66929e163d12) Importer(815301076,1909f56bfc062723c751e8b465ee728b)  -> (artifact id: '1ff8753ffb66900a9b691ad63cdb2ecd') in 0.035831 seconds 
========================================================================
Received Import Request.
  Time since last request: 108.997018 seconds.
  path: Assets/Prefab/Columns/Column_02.prefab
  artifactKey: Guid(0922776a7013d0b4e80e66929e163d12) Importer(815301076,1909f56bfc062723c751e8b465ee728b)
Start importing Assets/Prefab/Columns/Column_02.prefab using Guid(0922776a7013d0b4e80e66929e163d12) Importer(815301076,1909f56bfc062723c751e8b465ee728b)  -> (artifact id: 'c86ca43ffef3b05bc28a0156169de15e') in 0.039791 seconds 
========================================================================
Received Import Request.
  Time since last request: 1219.625686 seconds.
  path: Assets/GameDevHQ/FileBase/3D/Environments/Sci-Fi/Scifi_Columns_01_03/FBX/Scifi_Columns_01.fbx
  artifactKey: Guid(aecf4f7d7a98542039c5119b3b07e75a) Importer(815301076,1909f56bfc062723c751e8b465ee728b)
Start importing Assets/GameDevHQ/FileBase/3D/Environments/Sci-Fi/Scifi_Columns_01_03/FBX/Scifi_Columns_01.fbx using Guid(aecf4f7d7a98542039c5119b3b07e75a) Importer(815301076,1909f56bfc062723c751e8b465ee728b)  -> (artifact id: '903a43ddf9fcf9b43ee4301f33b90bb7') in 0.052787 seconds 
========================================================================
Received Import Request.
  Time since last request: 0.982641 seconds.
  path: Assets/GameDevHQ/FileBase/3D/Environments/Sci-Fi/Scifi_Columns_01_03/FBX/Scifi_Columns_03.fbx
  artifactKey: Guid(4c44bc78a1d464bc3b30eb070ef8a733) Importer(815301076,1909f56bfc062723c751e8b465ee728b)
Start importing Assets/GameDevHQ/FileBase/3D/Environments/Sci-Fi/Scifi_Columns_01_03/FBX/Scifi_Columns_03.fbx using Guid(4c44bc78a1d464bc3b30eb070ef8a733) Importer(815301076,1909f56bfc062723c751e8b465ee728b)  -> (artifact id: '1309652825b6b4c2dd0c18ec9cf142cd') in 0.051995 seconds 
========================================================================
Received Import Request.
  Time since last request: 358.025248 seconds.
  path: Assets/GameDevHQ/FileBase/3D/Environments/Sci-Fi/Scifi_Door_Single_03/FBX/Scifi_Door_Single_03.fbx
  artifactKey: Guid(6c75279a5feef4dabadcb42652d7294e) Importer(815301076,1909f56bfc062723c751e8b465ee728b)
Start importing Assets/GameDevHQ/FileBase/3D/Environments/Sci-Fi/Scifi_Door_Single_03/FBX/Scifi_Door_Single_03.fbx using Guid(6c75279a5feef4dabadcb42652d7294e) Importer(815301076,1909f56bfc062723c751e8b465ee728b)  -> (artifact id: 'd7c6a7ebaad8d339578f5630d4a172e3') in 0.324933 seconds 
========================================================================
Received Import Request.
  Time since last request: 0.601962 seconds.
  path: Assets/GameDevHQ/FileBase/3D/Environments/Sci-Fi/Scifi_Door_Single_03/FBX/Scifi_Door_Single_Frame_03.fbx
  artifactKey: Guid(4dffcf5679985432cb6a59310198d6dd) Importer(815301076,1909f56bfc062723c751e8b465ee728b)
Start importing Assets/GameDevHQ/FileBase/3D/Environments/Sci-Fi/Scifi_Door_Single_03/FBX/Scifi_Door_Single_Frame_03.fbx using Guid(4dffcf5679985432cb6a59310198d6dd) Importer(815301076,1909f56bfc062723c751e8b465ee728b)  -> (artifact id: '9f68fb1f1a1d0d8542d515262cda35e2') in 0.121581 seconds 
========================================================================
Received Import Request.
  Time since last request: 696.198514 seconds.
  path: Assets/Prefab/Columns/Column_02 1.prefab
  artifactKey: Guid(91e407c24586dc34bb61e99040da56c5) Importer(815301076,1909f56bfc062723c751e8b465ee728b)
Start importing Assets/Prefab/Columns/Column_02 1.prefab using Guid(91e407c24586dc34bb61e99040da56c5) Importer(815301076,1909f56bfc062723c751e8b465ee728b)  -> (artifact id: 'a837097c846104ac6676ef4c3db148be') in 0.070368 seconds 
========================================================================
Received Import Request.
  Time since last request: 1.978229 seconds.
  path: Assets/Prefab/Columns/Column_02.prefab
  artifactKey: Guid(0922776a7013d0b4e80e66929e163d12) Importer(815301076,1909f56bfc062723c751e8b465ee728b)
Start importing Assets/Prefab/Columns/Column_02.prefab using Guid(0922776a7013d0b4e80e66929e163d12) Importer(815301076,1909f56bfc062723c751e8b465ee728b)  -> (artifact id: 'ed5ff0371042ee2ab5452991d00afbdd') in 0.033677 seconds 
========================================================================
Received Import Request.
  Time since last request: 158.164394 seconds.
  path: Assets/Prefab/Columns/Column_02.prefab
  artifactKey: Guid(0922776a7013d0b4e80e66929e163d12) Importer(815301076,1909f56bfc062723c751e8b465ee728b)
Start importing Assets/Prefab/Columns/Column_02.prefab using Guid(0922776a7013d0b4e80e66929e163d12) Importer(815301076,1909f56bfc062723c751e8b465ee728b)  -> (artifact id: '3b447554289fc52cb0254d0da114e063') in 0.050202 seconds 
========================================================================
Received Import Request.
  Time since last request: 315.984791 seconds.
  path: Assets/Prefab/Columns/Column_01.prefab
  artifactKey: Guid(46bb1c47bccbce44bb41c2bd6951dff0) Importer(815301076,1909f56bfc062723c751e8b465ee728b)
Start importing Assets/Prefab/Columns/Column_01.prefab using Guid(46bb1c47bccbce44bb41c2bd6951dff0) Importer(815301076,1909f56bfc062723c751e8b465ee728b)  -> (artifact id: '3072cd2ca2f0f1369c4dbb1a2e6a203e') in 0.044757 seconds 
========================================================================
Received Import Request.
  Time since last request: 6.277336 seconds.
  path: Assets/Prefab/Columns/Column_01.prefab
  artifactKey: Guid(46bb1c47bccbce44bb41c2bd6951dff0) Importer(815301076,1909f56bfc062723c751e8b465ee728b)
Start importing Assets/Prefab/Columns/Column_01.prefab using Guid(46bb1c47bccbce44bb41c2bd6951dff0) Importer(815301076,1909f56bfc062723c751e8b465ee728b)  -> (artifact id: '41eb566c262dae4007deb1f93d759479') in 0.027122 seconds 
AssetImportWorkerClient::OnTransportError - code=2 error=End of file
