Using pre-set license
Built from '2020.3/staging' branch; Version is '2020.3.42f1 (7ade1201f527) revision 8052242'; Using compiler version '192528614'; Build Type 'Release'
OS: 'Windows 11  (10.0.22621) 64bit Core' Language: 'en' Physical Memory: 32519 MB
BatchMode: 1, IsHumanControllingUs: 0, StartBugReporterOnCrash: 0, Is64bit: 1, IsPro: 0

COMMAND LINE ARGUMENTS:
C:\Program Files\Unity\Hub\Editor\2020.3.42f1\Editor\Unity.exe
-adb2
-batchMode
-noUpm
-name
AssetImportWorker0
-projectPath
C:/Workspace/GameDevHQ/Level-Design-Prototype/Control-Room
-logFile
Logs/AssetImportWorker0.log
-srvPort
57381
Successfully changed project path to: C:/Workspace/GameDevHQ/Level-Design-Prototype/Control-Room
C:/Workspace/GameDevHQ/Level-Design-Prototype/Control-Room
Using Asset Import Pipeline V2.
Refreshing native plugins compatible for Editor in 27.60 ms, found 2 plugins.
Preloading 0 native plugins for Editor in 0.00 ms.
Initialize engine version: 2020.3.42f1 (7ade1201f527)
[Subsystems] Discovering subsystems at path C:/Program Files/Unity/Hub/Editor/2020.3.42f1/Editor/Data/Resources/UnitySubsystems
[Subsystems] Discovering subsystems at path C:/Workspace/GameDevHQ/Level-Design-Prototype/Control-Room/Assets
GfxDevice: creating device client; threaded=0
Direct3D:
    Version:  Direct3D 11.0 [level 11.1]
    Renderer: NVIDIA GeForce RTX 3070 Laptop GPU (ID=0x249d)
    Vendor:   
    VRAM:     8033 MB
    Driver:   31.0.15.2737
Initialize mono
Mono path[0] = 'C:/Program Files/Unity/Hub/Editor/2020.3.42f1/Editor/Data/Managed'
Mono path[1] = 'C:/Program Files/Unity/Hub/Editor/2020.3.42f1/Editor/Data/MonoBleedingEdge/lib/mono/unityjit'
Mono config path = 'C:/Program Files/Unity/Hub/Editor/2020.3.42f1/Editor/Data/MonoBleedingEdge/etc'
Using monoOptions --debugger-agent=transport=dt_socket,embedding=1,server=y,suspend=n,address=127.0.0.1:56796
Begin MonoManager ReloadAssembly
Registering precompiled unity dll's ...
Register platform support module: C:/Program Files/Unity/Hub/Editor/2020.3.42f1/Editor/Data/PlaybackEngines/WebGLSupport/UnityEditor.WebGL.Extensions.dll
Register platform support module: C:/Program Files/Unity/Hub/Editor/2020.3.42f1/Editor/Data/PlaybackEngines/WindowsStandaloneSupport/UnityEditor.WindowsStandalone.Extensions.dll
Registered in 0.001624 seconds.
Native extension for WindowsStandalone target not found
Native extension for WebGL target not found
Refreshing native plugins compatible for Editor in 28.06 ms, found 2 plugins.
Preloading 0 native plugins for Editor in 0.00 ms.
Mono: successfully reloaded assembly
- Completed reload, in  0.484 seconds
Domain Reload Profiling:
	ReloadAssembly (484ms)
		BeginReloadAssembly (51ms)
			ExecutionOrderSort (0ms)
			DisableScriptedObjects (0ms)
			BackupInstance (0ms)
			ReleaseScriptingObjects (0ms)
			CreateAndSetChildDomain (1ms)
		EndReloadAssembly (375ms)
			LoadAssemblies (49ms)
			RebuildTransferFunctionScriptingTraits (0ms)
			SetupTypeCache (128ms)
			ReleaseScriptCaches (0ms)
			RebuildScriptCaches (26ms)
			SetupLoadedEditorAssemblies (136ms)
				LogAssemblyErrors (0ms)
				InitializePlatformSupportModulesInManaged (4ms)
				SetLoadedEditorAssemblies (0ms)
				RefreshPlugins (28ms)
				BeforeProcessingInitializeOnLoad (12ms)
				ProcessInitializeOnLoadAttributes (69ms)
				ProcessInitializeOnLoadMethodAttributes (23ms)
				AfterProcessingInitializeOnLoad (0ms)
				EditorAssembliesLoaded (0ms)
			ExecutionOrderSort2 (0ms)
			AwakeInstancesAfterBackupRestoration (0ms)
Platform modules already initialized, skipping
Registering precompiled user dll's ...
Registered in 0.002642 seconds.
Begin MonoManager ReloadAssembly
Native extension for WindowsStandalone target not found
Native extension for WebGL target not found
Refreshing native plugins compatible for Editor in 0.31 ms, found 2 plugins.
Preloading 0 native plugins for Editor in 0.00 ms.
Mono: successfully reloaded assembly
- Completed reload, in  0.878 seconds
Domain Reload Profiling:
	ReloadAssembly (879ms)
		BeginReloadAssembly (148ms)
			ExecutionOrderSort (0ms)
			DisableScriptedObjects (5ms)
			BackupInstance (0ms)
			ReleaseScriptingObjects (0ms)
			CreateAndSetChildDomain (18ms)
		EndReloadAssembly (675ms)
			LoadAssemblies (91ms)
			RebuildTransferFunctionScriptingTraits (0ms)
			SetupTypeCache (248ms)
			ReleaseScriptCaches (0ms)
			RebuildScriptCaches (37ms)
			SetupLoadedEditorAssemblies (248ms)
				LogAssemblyErrors (0ms)
				InitializePlatformSupportModulesInManaged (4ms)
				SetLoadedEditorAssemblies (0ms)
				RefreshPlugins (0ms)
				BeforeProcessingInitializeOnLoad (65ms)
				ProcessInitializeOnLoadAttributes (163ms)
				ProcessInitializeOnLoadMethodAttributes (10ms)
				AfterProcessingInitializeOnLoad (4ms)
				EditorAssembliesLoaded (0ms)
			ExecutionOrderSort2 (0ms)
			AwakeInstancesAfterBackupRestoration (1ms)
Platform modules already initialized, skipping
========================================================================
Worker process is ready to serve import requests
Launched and connected shader compiler UnityShaderCompiler.exe after 0.04 seconds
Refreshing native plugins compatible for Editor in 0.31 ms, found 2 plugins.
Preloading 0 native plugins for Editor in 0.00 ms.
Unloading 1490 Unused Serialized files (Serialized files now loaded: 0)
System memory in use before: 68.0 MB.
System memory in use after: 68.1 MB.

Unloading 19 unused Assets to reduce memory usage. Loaded Objects now: 1926.
Total: 2.201500 ms (FindLiveObjects: 0.135200 ms CreateObjectMapping: 0.042200 ms MarkObjects: 1.956200 ms  DeleteObjects: 0.067100 ms)

AssetImportParameters requested are different than current active one (requested -> active):
  custom:framework-win-MediaFoundation: 216162199b28c13a410421893ffa2e32 -> 
  custom:video-decoder-ogg-theora: a1e56fd34408186e4bbccfd4996cb3dc -> 
  custom:container-muxer-webm: aa71ff27fc2769a1b78a27578f13a17b -> 
  custom:container-demuxer-webm: 4f35f7cbe854078d1ac9338744f61a02 -> 
  custom:container-demuxer-ogg: 62fdf1f143b41e24485cea50d1cbac27 -> 
  custom:video-encoder-webm-vp8: eb34c28f22e8b96e1ab97ce403110664 -> 
  custom:video-decoder-webm-vp8: 9c59270c3fd7afecdb556c50c9e8de78 -> 
  custom:audio-decoder-ogg-vorbis: bf7c407c2cedff20999df2af8eb42d56 -> 
  custom:audio-encoder-webm-vorbis: bf7c407c2cedff20999df2af8eb42d56 -> 
========================================================================
Received Import Request.
  path: Assets/GameDevHQ/FileBase/3D/Environments/Sci-Fi/Scifi_Floors_01_12/FBX/Scifi_Floors_01.fbx
  artifactKey: Guid(f72987810951c4f66a9141f3f96a87d5) Importer(815301076,1909f56bfc062723c751e8b465ee728b)
Start importing Assets/GameDevHQ/FileBase/3D/Environments/Sci-Fi/Scifi_Floors_01_12/FBX/Scifi_Floors_01.fbx using Guid(f72987810951c4f66a9141f3f96a87d5) Importer(815301076,1909f56bfc062723c751e8b465ee728b)  -> (artifact id: '34c7a9821adcfa5219f3d3873f5a4ea0') in 0.320247 seconds 
========================================================================
Received Import Request.
  Time since last request: 3.983410 seconds.
  path: Assets/GameDevHQ/FileBase/3D/Environments/Sci-Fi/Scifi_Floors_01_12/FBX/Scifi_Floors_02.fbx
  artifactKey: Guid(412bda283c50047c09ecf6f6940eabdb) Importer(815301076,1909f56bfc062723c751e8b465ee728b)
Start importing Assets/GameDevHQ/FileBase/3D/Environments/Sci-Fi/Scifi_Floors_01_12/FBX/Scifi_Floors_02.fbx using Guid(412bda283c50047c09ecf6f6940eabdb) Importer(815301076,1909f56bfc062723c751e8b465ee728b)  -> (artifact id: '8d7b211c6efcb09ce6ec3fe4f13a4d60') in 0.028646 seconds 
========================================================================
Received Import Request.
  Time since last request: 1.577143 seconds.
  path: Assets/GameDevHQ/FileBase/3D/Environments/Sci-Fi/Scifi_Floors_01_12/FBX/Scifi_Floors_03.fbx
  artifactKey: Guid(c2698a5cd6f384b5d8a86e956cc50160) Importer(815301076,1909f56bfc062723c751e8b465ee728b)
Start importing Assets/GameDevHQ/FileBase/3D/Environments/Sci-Fi/Scifi_Floors_01_12/FBX/Scifi_Floors_03.fbx using Guid(c2698a5cd6f384b5d8a86e956cc50160) Importer(815301076,1909f56bfc062723c751e8b465ee728b)  -> (artifact id: 'bb0a6765efd69473a8ba2973ec52a1fe') in 0.030415 seconds 
========================================================================
Received Import Request.
  Time since last request: 2.108692 seconds.
  path: Assets/GameDevHQ/FileBase/3D/Environments/Sci-Fi/Scifi_Floors_01_12/FBX/Scifi_Floors_04.fbx
  artifactKey: Guid(05b813276cfb64606a333253ab757ab6) Importer(815301076,1909f56bfc062723c751e8b465ee728b)
Start importing Assets/GameDevHQ/FileBase/3D/Environments/Sci-Fi/Scifi_Floors_01_12/FBX/Scifi_Floors_04.fbx using Guid(05b813276cfb64606a333253ab757ab6) Importer(815301076,1909f56bfc062723c751e8b465ee728b)  -> (artifact id: 'f66b81dc9b5cd7946878d016f320940e') in 0.048834 seconds 
========================================================================
Received Import Request.
  Time since last request: 1.663172 seconds.
  path: Assets/GameDevHQ/FileBase/3D/Environments/Sci-Fi/Scifi_Floors_01_12/FBX/Scifi_Floors_05.fbx
  artifactKey: Guid(0bf4c584b1d4544e7885d4a7da2ac57c) Importer(815301076,1909f56bfc062723c751e8b465ee728b)
Start importing Assets/GameDevHQ/FileBase/3D/Environments/Sci-Fi/Scifi_Floors_01_12/FBX/Scifi_Floors_05.fbx using Guid(0bf4c584b1d4544e7885d4a7da2ac57c) Importer(815301076,1909f56bfc062723c751e8b465ee728b)  -> (artifact id: '4e6106c610ef9b5981535c05c80248dc') in 0.037558 seconds 
========================================================================
Received Import Request.
  Time since last request: 1.368160 seconds.
  path: Assets/GameDevHQ/FileBase/3D/Environments/Sci-Fi/Scifi_Floors_01_12/FBX/Scifi_Floors_06.fbx
  artifactKey: Guid(a663c03cbb292478ab9639340c0ebac3) Importer(815301076,1909f56bfc062723c751e8b465ee728b)
Start importing Assets/GameDevHQ/FileBase/3D/Environments/Sci-Fi/Scifi_Floors_01_12/FBX/Scifi_Floors_06.fbx using Guid(a663c03cbb292478ab9639340c0ebac3) Importer(815301076,1909f56bfc062723c751e8b465ee728b)  -> (artifact id: 'c806045a3fd36ee314a9c89b2c1e6374') in 0.033071 seconds 
========================================================================
Received Import Request.
  Time since last request: 1.951184 seconds.
  path: Assets/GameDevHQ/FileBase/3D/Environments/Sci-Fi/Scifi_Floors_01_12/FBX/Scifi_Floors_07.fbx
  artifactKey: Guid(2e5655fbeff9342ce80752b79493614e) Importer(815301076,1909f56bfc062723c751e8b465ee728b)
Start importing Assets/GameDevHQ/FileBase/3D/Environments/Sci-Fi/Scifi_Floors_01_12/FBX/Scifi_Floors_07.fbx using Guid(2e5655fbeff9342ce80752b79493614e) Importer(815301076,1909f56bfc062723c751e8b465ee728b)  -> (artifact id: '2e88a27308c423a14743066cc855cb6e') in 0.034197 seconds 
========================================================================
Received Import Request.
  Time since last request: 44036.104242 seconds.
  path: Assets/GameDevHQ/FileBase/3D/Environments/Sci-Fi/Scifi_Floors_01_12/FBX/Scifi_Floors_08.fbx
  artifactKey: Guid(876919f831c0644c99dad2700d835d37) Importer(815301076,1909f56bfc062723c751e8b465ee728b)
Start importing Assets/GameDevHQ/FileBase/3D/Environments/Sci-Fi/Scifi_Floors_01_12/FBX/Scifi_Floors_08.fbx using Guid(876919f831c0644c99dad2700d835d37) Importer(815301076,1909f56bfc062723c751e8b465ee728b)  -> (artifact id: '5ae911bea7b2fa6e2cbc055b6b418b87') in 0.064297 seconds 
========================================================================
Received Import Request.
  Time since last request: 6.242003 seconds.
  path: Assets/GameDevHQ/FileBase/3D/Environments/Sci-Fi/Scifi_Floors_01_12/FBX/Scifi_Floors_09.fbx
  artifactKey: Guid(d55e131664d924a5da997a134b1a782e) Importer(815301076,1909f56bfc062723c751e8b465ee728b)
Start importing Assets/GameDevHQ/FileBase/3D/Environments/Sci-Fi/Scifi_Floors_01_12/FBX/Scifi_Floors_09.fbx using Guid(d55e131664d924a5da997a134b1a782e) Importer(815301076,1909f56bfc062723c751e8b465ee728b)  -> (artifact id: 'a91f6f681a29f1c0dc43192116b958a0') in 0.035608 seconds 
========================================================================
Received Import Request.
  Time since last request: 1.750312 seconds.
  path: Assets/GameDevHQ/FileBase/3D/Environments/Sci-Fi/Scifi_Floors_01_12/FBX/Scifi_Floors_10.fbx
  artifactKey: Guid(dd34d32d603b6455a84a5a4467201dfe) Importer(815301076,1909f56bfc062723c751e8b465ee728b)
Start importing Assets/GameDevHQ/FileBase/3D/Environments/Sci-Fi/Scifi_Floors_01_12/FBX/Scifi_Floors_10.fbx using Guid(dd34d32d603b6455a84a5a4467201dfe) Importer(815301076,1909f56bfc062723c751e8b465ee728b)  -> (artifact id: '6521dbde3da79b6b62c58abe460ca862') in 0.034812 seconds 
========================================================================
Received Import Request.
  Time since last request: 1.634162 seconds.
  path: Assets/GameDevHQ/FileBase/3D/Environments/Sci-Fi/Scifi_Floors_01_12/FBX/Scifi_Floors_11.fbx
  artifactKey: Guid(3a181dc50fe9546a18eb2f76420fd828) Importer(815301076,1909f56bfc062723c751e8b465ee728b)
Start importing Assets/GameDevHQ/FileBase/3D/Environments/Sci-Fi/Scifi_Floors_01_12/FBX/Scifi_Floors_11.fbx using Guid(3a181dc50fe9546a18eb2f76420fd828) Importer(815301076,1909f56bfc062723c751e8b465ee728b)  -> (artifact id: 'e838e75e66bf2dd542f6a366206978af') in 0.052629 seconds 
========================================================================
Received Import Request.
  Time since last request: 1.397193 seconds.
  path: Assets/GameDevHQ/FileBase/3D/Environments/Sci-Fi/Scifi_Floors_01_12/FBX/Scifi_Floors_12.fbx
  artifactKey: Guid(c697a914116cb4b75b9e4625a6ef69ab) Importer(815301076,1909f56bfc062723c751e8b465ee728b)
Start importing Assets/GameDevHQ/FileBase/3D/Environments/Sci-Fi/Scifi_Floors_01_12/FBX/Scifi_Floors_12.fbx using Guid(c697a914116cb4b75b9e4625a6ef69ab) Importer(815301076,1909f56bfc062723c751e8b465ee728b)  -> (artifact id: '6395a2d09eb343609046fc92595fe5fd') in 0.039316 seconds 
========================================================================
Received Import Request.
  Time since last request: 149960.274573 seconds.
  path: Assets
  artifactKey: Guid(00000000000000001000000000000000) Importer(815301076,1909f56bfc062723c751e8b465ee728b)
Start importing Assets using Guid(00000000000000001000000000000000) Importer(815301076,1909f56bfc062723c751e8b465ee728b)  -> (artifact id: '42d402b061de3733987d63b9cc3b64de') in 0.011634 seconds 
========================================================================
Received Import Request.
  Time since last request: 21.758786 seconds.
  path: Assets/Prefab
  artifactKey: Guid(d7dbdae1a9c185445b7c9293e80c2553) Importer(815301076,1909f56bfc062723c751e8b465ee728b)
Start importing Assets/Prefab using Guid(d7dbdae1a9c185445b7c9293e80c2553) Importer(815301076,1909f56bfc062723c751e8b465ee728b)  -> (artifact id: '134ff64ed9e1d629bda761cf513ed97f') in 0.009498 seconds 
========================================================================
Received Import Request.
  Time since last request: 7.325554 seconds.
  path: Assets/Prefab/Scifi_Floors_05 (27).prefab
  artifactKey: Guid(5ca087ef28c83a34980c74cfed818ee8) Importer(815301076,1909f56bfc062723c751e8b465ee728b)
Start importing Assets/Prefab/Scifi_Floors_05 (27).prefab using Guid(5ca087ef28c83a34980c74cfed818ee8) Importer(815301076,1909f56bfc062723c751e8b465ee728b)  -> (artifact id: 'd3d6420836d7c9468468ee4079c2e236') in 0.201968 seconds 
========================================================================
Received Import Request.
  Time since last request: 78.930845 seconds.
  path: Assets/Prefab/NewFloorPrefab_plateplusdisc.prefab
  artifactKey: Guid(9db7b8c0d1e71114097345409e32acf0) Importer(815301076,1909f56bfc062723c751e8b465ee728b)
Start importing Assets/Prefab/NewFloorPrefab_plateplusdisc.prefab using Guid(9db7b8c0d1e71114097345409e32acf0) Importer(815301076,1909f56bfc062723c751e8b465ee728b)  -> (artifact id: '3905e6136d9bea697492b50ed837145d') in 0.044166 seconds 
========================================================================
Received Import Request.
  Time since last request: 187.222450 seconds.
  path: Assets/Prefab/NewFloorPrefab_plateplusdisc.prefab
  artifactKey: Guid(9db7b8c0d1e71114097345409e32acf0) Importer(815301076,1909f56bfc062723c751e8b465ee728b)
Start importing Assets/Prefab/NewFloorPrefab_plateplusdisc.prefab using Guid(9db7b8c0d1e71114097345409e32acf0) Importer(815301076,1909f56bfc062723c751e8b465ee728b)  -> (artifact id: '9d9ecc39c063caf922202ddf4044ccbe') in 0.022343 seconds 
========================================================================
Received Import Request.
  Time since last request: 2817.650883 seconds.
  path: Assets/Prefab/Wall_01.prefab
  artifactKey: Guid(802767cc3b14d46448da730d01588df9) Importer(815301076,1909f56bfc062723c751e8b465ee728b)
Start importing Assets/Prefab/Wall_01.prefab using Guid(802767cc3b14d46448da730d01588df9) Importer(815301076,1909f56bfc062723c751e8b465ee728b)  -> (artifact id: 'dc4f2b6321e6fda5fa5ff347719b2b2e') in 0.052187 seconds 
========================================================================
Received Import Request.
  Time since last request: 1231.994595 seconds.
  path: Assets/Prefab/NewWallPrefab_lightdarklight_border.prefab
  artifactKey: Guid(f204991266a543247a6e3c3ba5d97c63) Importer(815301076,1909f56bfc062723c751e8b465ee728b)
Start importing Assets/Prefab/NewWallPrefab_lightdarklight_border.prefab using Guid(f204991266a543247a6e3c3ba5d97c63) Importer(815301076,1909f56bfc062723c751e8b465ee728b)  -> (artifact id: '553a195371c88fdd4d9ada116e4722b2') in 0.058828 seconds 
========================================================================
Received Import Request.
  Time since last request: 7.294775 seconds.
  path: Assets/GameDevHQ/FileBase/Plugin
  artifactKey: Guid(dae99c814b6d68a40877360b256b06a5) Importer(815301076,1909f56bfc062723c751e8b465ee728b)
Start importing Assets/GameDevHQ/FileBase/Plugin using Guid(dae99c814b6d68a40877360b256b06a5) Importer(815301076,1909f56bfc062723c751e8b465ee728b)  -> (artifact id: 'd43306c6b7bd6bcf445e166df1678df0') in 0.006226 seconds 
========================================================================
Received Import Request.
  Time since last request: 65.805703 seconds.
  path: Assets/Prefab/NewWallPrefab_lightdarklight_border 1.prefab
  artifactKey: Guid(6b164fc37b240dd4ba5009a9588c488e) Importer(815301076,1909f56bfc062723c751e8b465ee728b)
Start importing Assets/Prefab/NewWallPrefab_lightdarklight_border 1.prefab using Guid(6b164fc37b240dd4ba5009a9588c488e) Importer(815301076,1909f56bfc062723c751e8b465ee728b)  -> (artifact id: '9d66b89ea5015aff84551be31161d5b1') in 0.038970 seconds 
========================================================================
Received Import Request.
  Time since last request: 468.209521 seconds.
  path: Assets/Prefab/Floors
  artifactKey: Guid(c562c2fe4695bd64496b38beca801914) Importer(815301076,1909f56bfc062723c751e8b465ee728b)
Start importing Assets/Prefab/Floors using Guid(c562c2fe4695bd64496b38beca801914) Importer(815301076,1909f56bfc062723c751e8b465ee728b)  -> (artifact id: 'c98893ba06aee542650b5aa54041eebe') in 0.007487 seconds 
========================================================================
Received Import Request.
  Time since last request: 10.810068 seconds.
  path: Assets/Prefab/Walls
  artifactKey: Guid(afd22979953d9e04b99c470d9379de13) Importer(815301076,1909f56bfc062723c751e8b465ee728b)
Start importing Assets/Prefab/Walls using Guid(afd22979953d9e04b99c470d9379de13) Importer(815301076,1909f56bfc062723c751e8b465ee728b)  -> (artifact id: '541f0007932d0e400a3c2fa12946f79b') in 0.006165 seconds 
========================================================================
Received Import Request.
  Time since last request: 2.009692 seconds.
  path: Assets/Prefab/NewWallPrefab_lightdarklight.prefab
  artifactKey: Guid(fca50f906439b3048afef37d6ddc6fc3) Importer(815301076,1909f56bfc062723c751e8b465ee728b)
Start importing Assets/Prefab/NewWallPrefab_lightdarklight.prefab using Guid(fca50f906439b3048afef37d6ddc6fc3) Importer(815301076,1909f56bfc062723c751e8b465ee728b)  -> (artifact id: '81aa0c8b02320bb17f4f55f2c3ef7ffb') in 0.035172 seconds 
========================================================================
Received Import Request.
  Time since last request: 69.545176 seconds.
  path: Assets/Prefab/Walls/NewWallPrefab_lightdarklight.prefab
  artifactKey: Guid(6808fa07054a3e047901c592c8977f10) Importer(815301076,1909f56bfc062723c751e8b465ee728b)
Start importing Assets/Prefab/Walls/NewWallPrefab_lightdarklight.prefab using Guid(6808fa07054a3e047901c592c8977f10) Importer(815301076,1909f56bfc062723c751e8b465ee728b)  -> (artifact id: '8f6629669db24377a211ec28747d51d4') in 0.036264 seconds 
========================================================================
Received Import Request.
  Time since last request: 3064.437958 seconds.
  path: Assets/Prefab/Walls/NewWallPrefab_lightdarklight.prefab
  artifactKey: Guid(6808fa07054a3e047901c592c8977f10) Importer(815301076,1909f56bfc062723c751e8b465ee728b)
Start importing Assets/Prefab/Walls/NewWallPrefab_lightdarklight.prefab using Guid(6808fa07054a3e047901c592c8977f10) Importer(815301076,1909f56bfc062723c751e8b465ee728b)  -> (artifact id: '89f7625f293c115c8a997c80e926d9d2') in 0.036767 seconds 
========================================================================
Received Import Request.
  Time since last request: 43.115450 seconds.
  path: Assets/Prefab/Walls/NewWallPrefab_lightdarklight_border.prefab
  artifactKey: Guid(1d52e4cbf1e54bb4d87e9f6bc66f8bac) Importer(815301076,1909f56bfc062723c751e8b465ee728b)
Start importing Assets/Prefab/Walls/NewWallPrefab_lightdarklight_border.prefab using Guid(1d52e4cbf1e54bb4d87e9f6bc66f8bac) Importer(815301076,1909f56bfc062723c751e8b465ee728b)  -> (artifact id: '3d494e5fee4d9dce59b283798cc77d3b') in 0.024125 seconds 
AssetImportWorkerClient::OnTransportError - code=2 error=End of file
